# JRE version: Java(TM) SE Runtime Environment (17.0.9+11) (build 17.0.9+11-LTS-201)
# Java VM: Java HotSpot(TM) 64-Bit Server VM (17.0.9+11-LTS-201, mixed mode, sharing, tiered, compressed oops, compressed class ptrs, g1 gc, windows-amd64)
GC Precious Log:
 CPUs: 12 total, 12 available
 Memory: 40641M
 Large Page Support: Disabled
 NUMA Support: Disabled
 Compressed Oops: Enabled (32-bit)
 Heap Region Size: 1M
 Heap Min Capacity: 512M
 Heap Initial Capacity: 512M
 Heap Max Capacity: 2G
 Pre-touch: Disabled
 Parallel Workers: 10
 Concurrent Workers: 3
 Concurrent Refinement Workers: 10
 Periodic GC: Disabled
Heap:
 garbage-first heap   total 524288K, used 314665K [0x0000000080000000, 0x0000000100000000)
  region size 1024K, 302 young (309248K), 30 survivors (30720K)
 Metaspace       used 86126K, committed 87360K, reserved 1179648K
  class space    used 11371K, committed 11968K, reserved 1048576K
GC Heap History (12 events):
Event: 1.260 GC heap before
{Heap before GC invocations=0 (full 0):
 garbage-first heap   total 524288K, used 25600K [0x0000000080000000, 0x0000000100000000)
  region size 1024K, 25 young (25600K), 0 survivors (0K)
 Metaspace       used 8719K, committed 8960K, reserved 1114112K
  class space    used 895K, committed 1024K, reserved 1048576K
}
Event: 1.265 GC heap after
{Heap after GC invocations=1 (full 0):
 garbage-first heap   total 524288K, used 6528K [0x0000000080000000, 0x0000000100000000)
  region size 1024K, 4 young (4096K), 4 survivors (4096K)
 Metaspace       used 8719K, committed 8960K, reserved 1114112K
  class space    used 895K, committed 1024K, reserved 1048576K
}
Event: 1.910 GC heap before
{Heap before GC invocations=1 (full 0):
 garbage-first heap   total 524288K, used 37248K [0x0000000080000000, 0x0000000100000000)
  region size 1024K, 35 young (35840K), 4 survivors (4096K)
 Metaspace       used 15456K, committed 15680K, reserved 1114112K
  class space    used 1885K, committed 1984K, reserved 1048576K
}
Event: 1.914 GC heap after
{Heap after GC invocations=2 (full 0):
 garbage-first heap   total 524288K, used 8660K [0x0000000080000000, 0x0000000100000000)
  region size 1024K, 3 young (3072K), 3 survivors (3072K)
 Metaspace       used 15456K, committed 15680K, reserved 1114112K
  class space    used 1885K, committed 1984K, reserved 1048576K
}
Event: 2.323 GC heap before
{Heap before GC invocations=2 (full 0):
 garbage-first heap   total 524288K, used 34260K [0x0000000080000000, 0x0000000100000000)
  region size 1024K, 29 young (29696K), 3 survivors (3072K)
 Metaspace       used 21295K, committed 21504K, reserved 1114112K
  class space    used 2517K, committed 2624K, reserved 1048576K
}
Event: 2.326 GC heap after
{Heap after GC invocations=3 (full 0):
 garbage-first heap   total 524288K, used 10477K [0x0000000080000000, 0x0000000100000000)
  region size 1024K, 4 young (4096K), 4 survivors (4096K)
 Metaspace       used 21295K, committed 21504K, reserved 1114112K
  class space    used 2517K, committed 2624K, reserved 1048576K
}
Event: 5.019 GC heap before
{Heap before GC invocations=4 (full 0):
 garbage-first heap   total 524288K, used 108781K [0x0000000080000000, 0x0000000100000000)
  region size 1024K, 101 young (103424K), 4 survivors (4096K)
 Metaspace       used 35557K, committed 35968K, reserved 1114112K
  class space    used 4350K, committed 4544K, reserved 1048576K
}
Event: 5.027 GC heap after
{Heap after GC invocations=5 (full 0):
 garbage-first heap   total 524288K, used 18283K [0x0000000080000000, 0x0000000100000000)
  region size 1024K, 12 young (12288K), 12 survivors (12288K)
 Metaspace       used 35557K, committed 35968K, reserved 1114112K
  class space    used 4350K, committed 4544K, reserved 1048576K
}
Event: 8.328 GC heap before
{Heap before GC invocations=6 (full 0):
 garbage-first heap   total 524288K, used 163691K [0x0000000080000000, 0x0000000100000000)
  region size 1024K, 156 young (159744K), 12 survivors (12288K)
 Metaspace       used 59712K, committed 60160K, reserved 1114112K
  class space    used 7781K, committed 8000K, reserved 1048576K
}
Event: 8.339 GC heap after
{Heap after GC invocations=7 (full 0):
 garbage-first heap   total 524288K, used 24984K [0x0000000080000000, 0x0000000100000000)
  region size 1024K, 18 young (18432K), 18 survivors (18432K)
 Metaspace       used 59712K, committed 60160K, reserved 1114112K
  class space    used 7781K, committed 8000K, reserved 1048576K
}
Event: 11.435 GC heap before
{Heap before GC invocations=8 (full 0):
 garbage-first heap   total 524288K, used 319896K [0x0000000080000000, 0x0000000100000000)
  region size 1024K, 307 young (314368K), 18 survivors (18432K)
 Metaspace       used 72817K, committed 73408K, reserved 1114112K
  class space    used 9765K, committed 10048K, reserved 1048576K
}
Event: 11.453 GC heap after
{Heap after GC invocations=9 (full 0):
 garbage-first heap   total 524288K, used 37161K [0x0000000080000000, 0x0000000100000000)
  region size 1024K, 30 young (30720K), 30 survivors (30720K)
 Metaspace       used 72817K, committed 73408K, reserved 1114112K
  class space    used 9765K, committed 10048K, reserved 1048576K
}

