# JRE version: Java(TM) SE Runtime Environment (17.0.9+11) (build 17.0.9+11-LTS-201)
# Java VM: Java HotSpot(TM) 64-Bit Server VM (17.0.9+11-LTS-201, mixed mode, sharing, tiered, compressed oops, compressed class ptrs, g1 gc, windows-amd64)
GC Precious Log:
 CPUs: 12 total, 12 available
 Memory: 40641M
 Large Page Support: Disabled
 NUMA Support: Disabled
 Compressed Oops: Enabled (32-bit)
 Heap Region Size: 1M
 Heap Min Capacity: 512M
 Heap Initial Capacity: 512M
 Heap Max Capacity: 2G
 Pre-touch: Disabled
 Parallel Workers: 10
 Concurrent Workers: 3
 Concurrent Refinement Workers: 10
 Periodic GC: Disabled
Heap:
 garbage-first heap   total 524288K, used 300045K [0x0000000080000000, 0x0000000100000000)
  region size 1024K, 288 young (294912K), 30 survivors (30720K)
 Metaspace       used 84682K, committed 85760K, reserved 1179648K
  class space    used 11194K, committed 11712K, reserved 1048576K
GC Heap History (12 events):
Event: 0.862 GC heap before
{Heap before GC invocations=0 (full 0):
 garbage-first heap   total 524288K, used 25600K [0x0000000080000000, 0x0000000100000000)
  region size 1024K, 25 young (25600K), 0 survivors (0K)
 Metaspace       used 8646K, committed 8832K, reserved 1114112K
  class space    used 888K, committed 1024K, reserved 1048576K
}
Event: 0.867 GC heap after
{Heap after GC invocations=1 (full 0):
 garbage-first heap   total 524288K, used 6575K [0x0000000080000000, 0x0000000100000000)
  region size 1024K, 4 young (4096K), 4 survivors (4096K)
 Metaspace       used 8646K, committed 8832K, reserved 1114112K
  class space    used 888K, committed 1024K, reserved 1048576K
}
Event: 1.482 GC heap before
{Heap before GC invocations=1 (full 0):
 garbage-first heap   total 524288K, used 37295K [0x0000000080000000, 0x0000000100000000)
  region size 1024K, 35 young (35840K), 4 survivors (4096K)
 Metaspace       used 15437K, committed 15680K, reserved 1114112K
  class space    used 1880K, committed 1984K, reserved 1048576K
}
Event: 1.486 GC heap after
{Heap after GC invocations=2 (full 0):
 garbage-first heap   total 524288K, used 8698K [0x0000000080000000, 0x0000000100000000)
  region size 1024K, 3 young (3072K), 3 survivors (3072K)
 Metaspace       used 15437K, committed 15680K, reserved 1114112K
  class space    used 1880K, committed 1984K, reserved 1048576K
}
Event: 1.881 GC heap before
{Heap before GC invocations=2 (full 0):
 garbage-first heap   total 524288K, used 34298K [0x0000000080000000, 0x0000000100000000)
  region size 1024K, 29 young (29696K), 3 survivors (3072K)
 Metaspace       used 21274K, committed 21504K, reserved 1114112K
  class space    used 2509K, committed 2624K, reserved 1048576K
}
Event: 1.884 GC heap after
{Heap after GC invocations=3 (full 0):
 garbage-first heap   total 524288K, used 10414K [0x0000000080000000, 0x0000000100000000)
  region size 1024K, 4 young (4096K), 4 survivors (4096K)
 Metaspace       used 21274K, committed 21504K, reserved 1114112K
  class space    used 2509K, committed 2624K, reserved 1048576K
}
Event: 4.658 GC heap before
{Heap before GC invocations=4 (full 0):
 garbage-first heap   total 524288K, used 109742K [0x0000000080000000, 0x0000000100000000)
  region size 1024K, 102 young (104448K), 4 survivors (4096K)
 Metaspace       used 35586K, committed 35968K, reserved 1114112K
  class space    used 4347K, committed 4544K, reserved 1048576K
}
Event: 4.665 GC heap after
{Heap after GC invocations=5 (full 0):
 garbage-first heap   total 524288K, used 18422K [0x0000000080000000, 0x0000000100000000)
  region size 1024K, 12 young (12288K), 12 survivors (12288K)
 Metaspace       used 35586K, committed 35968K, reserved 1114112K
  class space    used 4347K, committed 4544K, reserved 1048576K
}
Event: 7.805 GC heap before
{Heap before GC invocations=6 (full 0):
 garbage-first heap   total 524288K, used 164854K [0x0000000080000000, 0x0000000100000000)
  region size 1024K, 156 young (159744K), 12 survivors (12288K)
 Metaspace       used 59676K, committed 60160K, reserved 1114112K
  class space    used 7768K, committed 8000K, reserved 1048576K
}
Event: 7.816 GC heap after
{Heap after GC invocations=7 (full 0):
 garbage-first heap   total 524288K, used 24905K [0x0000000080000000, 0x0000000100000000)
  region size 1024K, 18 young (18432K), 18 survivors (18432K)
 Metaspace       used 59676K, committed 60160K, reserved 1114112K
  class space    used 7768K, committed 8000K, reserved 1048576K
}
Event: 11.205 GC heap before
{Heap before GC invocations=8 (full 0):
 garbage-first heap   total 524288K, used 319817K [0x0000000080000000, 0x0000000100000000)
  region size 1024K, 307 young (314368K), 18 survivors (18432K)
 Metaspace       used 72826K, committed 73408K, reserved 1114112K
  class space    used 9758K, committed 10048K, reserved 1048576K
}
Event: 11.241 GC heap after
{Heap after GC invocations=9 (full 0):
 garbage-first heap   total 524288K, used 36877K [0x0000000080000000, 0x0000000100000000)
  region size 1024K, 30 young (30720K), 30 survivors (30720K)
 Metaspace       used 72826K, committed 73408K, reserved 1114112K
  class space    used 9758K, committed 10048K, reserved 1048576K
}

